2024-06-06 04:39:38,260 [nREPL-session-3e01711f-f9bd-4bc5-8252-c213dc5b6680] INFO  selgalmex.env - 
-=[selgalmex started successfully using the development profile]=- 
2024-06-06 04:39:38,568 [nREPL-session-3e01711f-f9bd-4bc5-8252-c213dc5b6680] INFO  luminus.http-server - starting HTTP server on port 3000 
2024-06-06 04:41:05,542 [nREPL-session-3e01711f-f9bd-4bc5-8252-c213dc5b6680] INFO  migratus.core - Starting migrations 
2024-06-06 04:41:05,549 [nREPL-session-3e01711f-f9bd-4bc5-8252-c213dc5b6680] INFO  migratus.database - creating migration table 'schema_migrations' 
2024-06-06 04:41:05,563 [nREPL-session-3e01711f-f9bd-4bc5-8252-c213dc5b6680] DEBUG migratus.migrations - Looking for migrations in #object[java.io.File 0x64909205 /home/lireyes/selgalmex/resources/migrations] 
2024-06-06 04:41:05,565 [nREPL-session-3e01711f-f9bd-4bc5-8252-c213dc5b6680] INFO  migratus.core - Running up for [20240606094033] 
2024-06-06 04:41:05,566 [nREPL-session-3e01711f-f9bd-4bc5-8252-c213dc5b6680] INFO  migratus.core - Up 20240606094033-cedes 
2024-06-06 04:41:05,571 [nREPL-session-3e01711f-f9bd-4bc5-8252-c213dc5b6680] DEBUG migratus.migration.sql - found 1 up migrations 
2024-06-06 04:41:05,576 [nREPL-session-3e01711f-f9bd-4bc5-8252-c213dc5b6680] DEBUG migratus.database - marking 20240606094033 complete 
2024-06-06 04:41:05,581 [nREPL-session-3e01711f-f9bd-4bc5-8252-c213dc5b6680] INFO  migratus.core - Ending migrations 
2024-06-06 04:41:44,878 [nREPL-session-3e01711f-f9bd-4bc5-8252-c213dc5b6680] INFO  migratus.core - Starting migrations 
2024-06-06 04:41:44,880 [nREPL-session-3e01711f-f9bd-4bc5-8252-c213dc5b6680] DEBUG migratus.migrations - Looking for migrations in #object[java.io.File 0x3fc662b4 /home/lireyes/selgalmex/resources/migrations] 
2024-06-06 04:41:44,881 [nREPL-session-3e01711f-f9bd-4bc5-8252-c213dc5b6680] INFO  migratus.core - Running up for [20240606094132] 
2024-06-06 04:41:44,881 [nREPL-session-3e01711f-f9bd-4bc5-8252-c213dc5b6680] INFO  migratus.core - Up 20240606094132-entregascede 
2024-06-06 04:41:44,882 [nREPL-session-3e01711f-f9bd-4bc5-8252-c213dc5b6680] DEBUG migratus.migration.sql - found 1 up migrations 
2024-06-06 04:41:44,888 [nREPL-session-3e01711f-f9bd-4bc5-8252-c213dc5b6680] DEBUG migratus.database - marking 20240606094132 complete 
2024-06-06 04:41:44,890 [nREPL-session-3e01711f-f9bd-4bc5-8252-c213dc5b6680] INFO  migratus.core - Ending migrations 
2024-06-06 04:44:21,138 [nREPL-session-25c608ba-9944-49dd-9507-8170a2548e8d] INFO  selgalmex.env - 
-=[selgalmex started successfully using the development profile]=- 
2024-06-06 04:44:21,511 [nREPL-session-25c608ba-9944-49dd-9507-8170a2548e8d] INFO  luminus.http-server - starting HTTP server on port 3000 
2024-06-06 04:58:30,887 [nREPL-session-1bc5cc4d-9bae-4110-a268-a4ccf2f9a069] ERROR com.zaxxer.hikari.pool.HikariPool - HikariPool-1 - Exception during pool initialization. 
org.h2.jdbc.JdbcSQLNonTransientConnectionException: Database may be already in use: null. Possible solutions: close all other connection(s); use the server mode [90020-200]
	at org.h2.message.DbException.getJdbcSQLException(DbException.java:622)
	at org.h2.message.DbException.getJdbcSQLException(DbException.java:429)
	at org.h2.message.DbException.get(DbException.java:194)
	at org.h2.mvstore.db.MVTableEngine$Store.convertIllegalStateException(MVTableEngine.java:206)
	at org.h2.mvstore.db.MVTableEngine$Store.open(MVTableEngine.java:182)
	at org.h2.mvstore.db.MVTableEngine.init(MVTableEngine.java:103)
	at org.h2.engine.Database.getPageStore(Database.java:2659)
	at org.h2.engine.Database.open(Database.java:675)
	at org.h2.engine.Database.openDatabase(Database.java:307)
	at org.h2.engine.Database.<init>(Database.java:301)
	at org.h2.engine.Engine.openSession(Engine.java:74)
	at org.h2.engine.Engine.openSession(Engine.java:192)
	at org.h2.engine.Engine.createSessionAndValidate(Engine.java:171)
	at org.h2.engine.Engine.createSession(Engine.java:166)
	at org.h2.engine.Engine.createSession(Engine.java:29)
	at org.h2.engine.SessionRemote.connectEmbeddedOrServer(SessionRemote.java:340)
	at org.h2.jdbc.JdbcConnection.<init>(JdbcConnection.java:173)
	at org.h2.jdbc.JdbcConnection.<init>(JdbcConnection.java:152)
	at org.h2.Driver.connect(Driver.java:69)
	at com.zaxxer.hikari.util.DriverDataSource.getConnection(DriverDataSource.java:121)
	at com.zaxxer.hikari.pool.PoolBase.newConnection(PoolBase.java:358)
	at com.zaxxer.hikari.pool.PoolBase.newPoolEntry(PoolBase.java:206)
	at com.zaxxer.hikari.pool.HikariPool.createPoolEntry(HikariPool.java:477)
	at com.zaxxer.hikari.pool.HikariPool.checkFailFast(HikariPool.java:560)
	at com.zaxxer.hikari.pool.HikariPool.<init>(HikariPool.java:115)
	at com.zaxxer.hikari.HikariDataSource.<init>(HikariDataSource.java:81)
	at hikari_cp.core$make_datasource.invokeStatic(core.clj:268)
	at hikari_cp.core$make_datasource.invoke(core.clj:265)
	at conman.core$connect_BANG_.invokeStatic(core.clj:162)
	at conman.core$connect_BANG_.invoke(core.clj:158)
	at selgalmex.db.core$eval13271$fn__13272.invoke(core.clj:10)
	at mount.core$record_BANG_.invokeStatic(core.cljc:74)
	at mount.core$record_BANG_.invoke(core.cljc:73)
	at mount.core$up$fn__441.invoke(core.cljc:81)
	at mount.core$up.invokeStatic(core.cljc:80)
	at mount.core$up.invoke(core.cljc:78)
	at mount.core$bring.invokeStatic(core.cljc:247)
	at mount.core$bring.invoke(core.cljc:239)
	at mount.core$start.invokeStatic(core.cljc:289)
	at mount.core$start.doInvoke(core.cljc:281)
	at clojure.lang.RestFn.applyTo(RestFn.java:137)
	at clojure.core$apply.invokeStatic(core.clj:665)
	at clojure.core$apply.invoke(core.clj:660)
	at mount.core$start_without.invokeStatic(core.cljc:409)
	at mount.core$start_without.doInvoke(core.cljc:403)
	at clojure.lang.RestFn.invoke(RestFn.java:408)
	at user$start.invokeStatic(user.clj:22)
	at user$start.invoke(user.clj:18)
	at user$eval18668.invokeStatic(form-init6223130035859130483.clj:1)
	at user$eval18668.invoke(form-init6223130035859130483.clj:1)
	at clojure.lang.Compiler.eval(Compiler.java:7177)
	at clojure.lang.Compiler.eval(Compiler.java:7132)
	at clojure.core$eval.invokeStatic(core.clj:3214)
	at clojure.core$eval.invoke(core.clj:3210)
	at nrepl.middleware.interruptible_eval$evaluate$fn__15878$fn__15879.invoke(interruptible_eval.clj:87)
	at clojure.lang.AFn.applyToHelper(AFn.java:152)
	at clojure.lang.AFn.applyTo(AFn.java:144)
	at clojure.core$apply.invokeStatic(core.clj:665)
	at clojure.core$with_bindings_STAR_.invokeStatic(core.clj:1973)
	at clojure.core$with_bindings_STAR_.doInvoke(core.clj:1973)
	at clojure.lang.RestFn.invoke(RestFn.java:425)
	at nrepl.middleware.interruptible_eval$evaluate$fn__15878.invoke(interruptible_eval.clj:87)
	at clojure.main$repl$read_eval_print__9086$fn__9089.invoke(main.clj:437)
	at clojure.main$repl$read_eval_print__9086.invoke(main.clj:437)
	at clojure.main$repl$fn__9095.invoke(main.clj:458)
	at clojure.main$repl.invokeStatic(main.clj:458)
	at clojure.main$repl.doInvoke(main.clj:368)
	at clojure.lang.RestFn.invoke(RestFn.java:1523)
	at nrepl.middleware.interruptible_eval$evaluate.invokeStatic(interruptible_eval.clj:84)
	at nrepl.middleware.interruptible_eval$evaluate.invoke(interruptible_eval.clj:56)
	at nrepl.middleware.interruptible_eval$interruptible_eval$fn__15909$fn__15913.invoke(interruptible_eval.clj:152)
	at clojure.lang.AFn.run(AFn.java:22)
	at nrepl.middleware.session$session_exec$main_loop__15976$fn__15980.invoke(session.clj:202)
	at nrepl.middleware.session$session_exec$main_loop__15976.invoke(session.clj:201)
	at clojure.lang.AFn.run(AFn.java:22)
	at java.base/java.lang.Thread.run(Thread.java:829)
Caused by: java.lang.IllegalStateException: The file is locked: nio:/home/lireyes/selgalmex/selgalmex_dev.db.mv.db [1.4.200/7]
	at org.h2.mvstore.DataUtils.newIllegalStateException(DataUtils.java:950)
	at org.h2.mvstore.FileStore.open(FileStore.java:172)
	at org.h2.mvstore.MVStore.<init>(MVStore.java:381)
	at org.h2.mvstore.MVStore$Builder.open(MVStore.java:3579)
	at org.h2.mvstore.db.MVTableEngine$Store.open(MVTableEngine.java:170)
	... 71 common frames omitted
2024-06-06 04:59:25,883 [nREPL-session-5af33e30-cd80-4999-ade4-41e8b7e311cf] INFO  selgalmex.env - 
-=[selgalmex started successfully using the development profile]=- 
2024-06-06 04:59:26,185 [nREPL-session-5af33e30-cd80-4999-ade4-41e8b7e311cf] INFO  luminus.http-server - starting HTTP server on port 3000 
2024-06-06 14:54:38,433 [nREPL-session-377bb578-1fe7-4bfa-b495-e53a3bd23dce] INFO  selgalmex.env - 
-=[selgalmex started successfully using the development profile]=- 
2024-06-06 14:54:38,770 [nREPL-session-377bb578-1fe7-4bfa-b495-e53a3bd23dce] INFO  luminus.http-server - starting HTTP server on port 3000 
